<?xml version="1.0" encoding="UTF-8"?>
<!-- Generated by org.testng.reporters.JUnitReportReporter -->
<testsuite hostname="DESKTOP-KNOMQ1P" failures="0" tests="4" name="Abc.Loan" time="0.005" errors="0" timestamp="2021-08-06T23:18:07 IST" skipped="0">
  <testcase classname="Abc.Loan" name="homeloan" time="0.001"/>
  <system-out/>
  <testcase classname="Abc.Loan" name="personalloan" time="0.001"/>
  <system-out/>
  <testcase classname="Abc.Loan" name="homeloan1" time="0.001"/>
  <system-out/>
  <testcase classname="Abc.Loan" name="mobilelloan" time="0.002"/>
  <system-out/>
</testsuite> <!-- Abc.Loan -->
