<?xml version="1.0" encoding="UTF-8"?>
<!-- Generated by org.testng.reporters.JUnitReportReporter -->
<testsuite hostname="DESKTOP-KNOMQ1P" failures="0" tests="3" name="Abc.Start" time="0.004" errors="0" timestamp="2021-08-06T23:18:07 IST" skipped="0">
  <testcase classname="Abc.Start" name="demo1" time="0.002"/>
  <system-out/>
  <testcase classname="Abc.Start" name="demo1" time="0.001"/>
  <system-out/>
  <testcase classname="Abc.Start" name="demo1" time="0.001"/>
  <system-out/>
</testsuite> <!-- Abc.Start -->
